node.exe : No Firebase 
app associated with 
site 
asm-internal-portal, 
injecting project 
default config.
At line:1 char:1
+ & "C:\Program 
Files\nodejs/node.exe" 
"C:\Program 
Files\nodejs/node_mo 
...
+ ~~~~~~~~~~~~~~~~~~~~~
~~~~~~~~~~~~~~~~~~~~~~~
~~~~~~~~~~~~~~~~~~~~~~~
~~
    + CategoryInfo     
         : NotSpecifi  
  ed: (No Firebase a   
 pp...default confi    
g.:String) [], Rem    
oteException
    + FullyQualifiedEr 
   rorId : NativeComm  
  andError
 
  You can link a Web 
app to a Hosting site 
here https://console.fi
rebase.google.com/proje
ct/asm-internal-portal/
settings/general/web

   Thank you for trying our [3mearly preview[23m of Next.js support on Firebase Hosting.
   [31mDuring the preview, support is best-effort and breaking changes can be expected. Proceed with caution.[39m[33m
   The integration is known to work with Next.js version [3m12 - 15.0[23m. You may encounter errors.[39m

   [1mDocumentation:[22m https://firebase.google.com/docs/hosting/frameworks/nextjs
   [1mFile a bug:[22m https://github.com/firebase/firebase-tools/issues/new?template=bug_report.md
   [1mSubmit a feature request:[22m https://github.com/firebase/firebase-tools/issues/new?template=feature_request.md

   We'd love to learn from you. Express your interest in helping us shape the future of Firebase Hosting: https://goo.gle/41enW5X

Γû▓ Next.js 16.1.4 (Turbopack)

- Environments: .env.local


  Creating an optimized production build ...

Γ£ô Compiled successfully in 3.6s

  Running TypeScript ...

  Collecting page data using 11 workers ...

  Generating static pages using 11 workers (0/27) ...

  Generating static pages using 11 workers (6/27) 

  Generating static pages using 11 workers (13/27) 

  Generating static pages using 11 workers (20/27) 

Γ£ô Generating static pages using 11 workers (27/27) in 492.5ms

  Finalizing page optimization ...



Route (app)
Γöî Γùï /
Γö£ Γùï /_not-found
Γö£ Γùï /about
Γö£ Γùï /blog
Γö£ ΓùÅ /blog/[slug]
Γöé Γö£ /blog/sales-is-not-manipulation
Γöé Γö£ /blog/why-practical-skills-matter
Γöé Γöö /blog/building-a-career-through-skills
Γö£ Γùï /contact
Γö£ Γùï /dashboard
Γö£ Γùï /dashboard/admin
Γö£ Γùï /dashboard/admin/blog
Γö£ Γùï /dashboard/admin/blog/create
Γö£ Γùï /dashboard/admin/blog/edit
Γö£ Γùï /dashboard/admin/success-stories
Γö£ Γùï /dashboard/feedback
Γö£ Γùï /dashboard/policies
Γö£ Γùï /dashboard/resources
Γö£ Γùï /dashboard/schedule
Γö£ Γùï /dashboard/teachers
Γö£ Γùï /enroll
Γö£ Γùï /feedback
Γö£ Γùï /home
Γö£ Γùï /instructors
Γö£ Γùï /login
Γö£ Γùï /modules
Γöö Γùï /test-hero



Γùï  (Static)  prerendered as static content
ΓùÅ  (SSG)     prerendered as static HTML (uses generateStaticParams)


Building a Cloud Function to run this application. This is needed due to:
 ΓÇó use of fallback /blog/[slug]

npm warn EBADENGINE 
Unsupported engine {
npm warn EBADENGINE   
package: 'firebase-fram
eworks@0.11.8',
npm warn EBADENGINE   
required: { node: 
'^16.0.0 || ^18.0.0 || 
^20.0.0 || ^22.0.0' },
npm warn EBADENGINE   
current: { node: 
'v24.13.0', npm: 
'11.6.2' }
npm warn EBADENGINE }

up to date in 2s

38 packages are looking for funding
  run `npm fund` for details

[1m[37m===[39m Deploying to 'asm-internal-portal'...[22m

[36m[1mi [22m[39m deploying [1mfunctions, hosting[22m
[36m[1mi  functions:[22m[39m preparing codebase [1mfirebase-frameworks-asm-internal-portal[22m for deployment
[36m[1mi  functions:[22m[39m ensuring required API [1mcloudfunctions.googleapis.com[22m is enabled...
[36m[1mi  functions:[22m[39m ensuring required API [1mcloudbuild.googleapis.com[22m is enabled...
[36m[1mi  artifactregistry:[22m[39m ensuring required API [1martifactregistry.googleapis.com[22m is enabled...
[33m[1m! [22m[39m [1m[33mfunctions: [39m[22mpackage.json indicates an outdated version of firebase-functions. Please upgrade using [1mnpm install --save firebase-functions@latest[22m in your functions directory.
[33m[1m! [22m[39m [1m[33mfunctions: [39m[22mPlease note that there will be breaking changes when you upgrade.
[36m[1mi  functions:[22m[39m Loading and analyzing source code for codebase firebase-frameworks-asm-internal-portal to determine what to deploy
Serving at port 8749

[36m[1mi  extensions:[22m[39m ensuring required API [1mfirebaseextensions.googleapis.com[22m is enabled...
[36m[1mi [22m[39m [36m[1mfunctions: [22m[39mLoaded environment variables from .env.
[36m[1mi  functions:[22m[39m preparing [1m.firebase\asm-internal-portal\functions[22m directory for uploading...
[36m[1mi [22m[39m [36m[1mfunctions:[22m[39m packaged [1mD:\Antigravity\Antigravity ASM\asm-internal-portal\.firebase\asm-internal-portal\functions[22m (303.77 MB) for uploading
[36m[1mi  functions:[22m[39m ensuring required API [1mrun.googleapis.com[22m is enabled...
[36m[1mi  functions:[22m[39m ensuring required API [1meventarc.googleapis.com[22m is enabled...
[36m[1mi  functions:[22m[39m ensuring required API [1mpubsub.googleapis.com[22m is enabled...
[36m[1mi  functions:[22m[39m ensuring required API [1mstorage.googleapis.com[22m is enabled...
[36m[1mi  functions:[22m[39m generating the service identity for [1mpubsub.googleapis.com[22m...
[36m[1mi  functions:[22m[39m generating the service identity for [1meventarc.googleapis.com[22m...
[32m[1m+  functions:[22m[39m [1m.firebase\asm-internal-portal\functions[22m source uploaded successfully
[36m[1mi  hosting[asm-internal-portal]:[22m[39m beginning deploy...
[36m[1mi  hosting[asm-internal-portal]:[22m[39m found 88 files in [1m.firebase\asm-internal-portal\hosting[22m
[32m[1m+  hosting[asm-internal-portal]:[22m[39m file upload complete
[36m[1mi  functions:[22m[39m creating Node.js 24 (2nd Gen) function [1mfirebase-frameworks-asm-internal-portal:ssrasminternalportal(us-central1)[22m...
[32m[1m+ [22m[39m [1m[32mfunctions[firebase-frameworks-asm-internal-portal:ssrasminternalportal(us-central1)][39m[22m Successful create operation.
[1mFunction URL[22m (firebase-frameworks-asm-internal-portal:ssrasminternalportal(us-central1)): https://us-central1-asm-internal-portal.cloudfunctions.net/ssrasminternalportal
[33m[1m!  functions:[22m[39m No cleanup policy detected for repositories in us-central1. This may result in a small monthly bill as container images accumulate over time.
[34m?[39m [1mHow many days do you want to keep container images before they're deleted?[22m [2m(1)[22m
